<?xml version="1.0" encoding="UTF-8"?>
<!-- Generated by org.testng.reporters.JUnitReportReporter -->
<testsuite hostname="Lenovo-PC" name="TestNg.Example2" tests="2" failures="0" timestamp="17 Sep 2019 10:46:19 GMT" time="0.009" errors="0">
  <testcase name="test" time="0.001" classname="TestNg.Example2"/>
  <testcase name="test" time="0.008" classname="TestNg.Example2"/>
</testsuite> <!-- TestNg.Example2 -->
