<?xml version="1.0" encoding="UTF-8"?>
<!-- Generated by org.testng.reporters.JUnitReportReporter -->
<testsuite hostname="Lenovo-PC" name="TestNg.TestNgyal" tests="1" failures="0" timestamp="19 Sep 2019 07:06:03 GMT" time="1.099" errors="0">
  <testcase name="firsttestingfile1" time="1.099" classname="TestNg.TestNgyal"/>
</testsuite> <!-- TestNg.TestNgyal -->
