<?xml version="1.0" encoding="UTF-8"?>
<!-- Generated by org.testng.reporters.JUnitReportReporter -->
<testsuite hostname="Lenovo-PC" name="TestNg.TestNgyal2" tests="1" failures="0" timestamp="19 Sep 2019 07:06:03 GMT" time="1.100" errors="0">
  <testcase name="firsttestingfile1" time="1.100" classname="TestNg.TestNgyal2"/>
</testsuite> <!-- TestNg.TestNgyal2 -->
